1720573017.106777 client started (1673236): version 3.4, socket /tmp/tmux-1000/default, protocol 8
1720573017.106837 on Linux 6.9.6-arch1-1 #1 SMP PREEMPT_DYNAMIC Fri, 21 Jun 2024 19:49:19 +0000
1720573017.106847 using libevent 2.1.12-stable poll
1720573017.106854 using ncurses 6.5 20240427
1720573017.106885 flags are 0x18010000
1720573017.106918 socket is /tmp/tmux-1000/default
1720573017.106942 trying connect
1720573017.106972 connect failed: Connection refused
1720573017.106989 lock file is /tmp/tmux-1000/default.lock
1720573017.107025 flock succeeded
1720573017.107033 got lock (6)
1720573017.107048 trying connect
1720573017.107066 connect failed: Connection refused
1720573017.107558 add peer 0x630cc88d4850: 7 ((nil))
1720573017.108648 sending message 100 to peer 0x630cc88d4850 (4 bytes)
1720573017.108656 sending message 111 to peer 0x630cc88d4850 (8 bytes)
1720573017.108660 sending message 101 to peer 0x630cc88d4850 (12 bytes)
1720573017.108663 sending message 109 to peer 0x630cc88d4850 (4 bytes)
1720573017.108666 sending message 102 to peer 0x630cc88d4850 (11 bytes)
1720573017.108669 sending message 108 to peer 0x630cc88d4850 (20 bytes)
1720573017.108673 sending message 112 to peer 0x630cc88d4850 (70 bytes)
1720573017.108676 sending message 112 to peer 0x630cc88d4850 (5 bytes)
1720573017.108679 sending message 112 to peer 0x630cc88d4850 (6 bytes)
1720573017.108682 sending message 112 to peer 0x630cc88d4850 (6 bytes)
1720573017.108685 sending message 112 to peer 0x630cc88d4850 (10 bytes)
1720573017.108688 sending message 112 to peer 0x630cc88d4850 (13 bytes)
1720573017.108691 sending message 112 to peer 0x630cc88d4850 (14 bytes)
1720573017.108694 sending message 112 to peer 0x630cc88d4850 (19 bytes)
1720573017.108697 sending message 112 to peer 0x630cc88d4850 (11 bytes)
1720573017.108700 sending message 112 to peer 0x630cc88d4850 (10 bytes)
1720573017.108708 sending message 112 to peer 0x630cc88d4850 (15 bytes)
1720573017.108711 sending message 112 to peer 0x630cc88d4850 (21 bytes)
1720573017.108714 sending message 112 to peer 0x630cc88d4850 (13 bytes)
1720573017.108716 sending message 112 to peer 0x630cc88d4850 (7 bytes)
1720573017.108719 sending message 112 to peer 0x630cc88d4850 (13 bytes)
1720573017.108722 sending message 112 to peer 0x630cc88d4850 (7 bytes)
1720573017.108725 sending message 112 to peer 0x630cc88d4850 (13 bytes)
1720573017.108728 sending message 112 to peer 0x630cc88d4850 (9 bytes)
1720573017.108731 sending message 112 to peer 0x630cc88d4850 (21 bytes)
1720573017.108734 sending message 112 to peer 0x630cc88d4850 (13 bytes)
1720573017.108737 sending message 112 to peer 0x630cc88d4850 (9 bytes)
1720573017.108740 sending message 112 to peer 0x630cc88d4850 (16 bytes)
1720573017.108743 sending message 112 to peer 0x630cc88d4850 (13 bytes)
1720573017.108746 sending message 112 to peer 0x630cc88d4850 (9 bytes)
1720573017.108749 sending message 112 to peer 0x630cc88d4850 (9 bytes)
1720573017.108752 sending message 112 to peer 0x630cc88d4850 (12 bytes)
1720573017.108755 sending message 112 to peer 0x630cc88d4850 (8 bytes)
1720573017.108758 sending message 112 to peer 0x630cc88d4850 (13 bytes)
1720573017.108761 sending message 112 to peer 0x630cc88d4850 (7 bytes)
1720573017.108764 sending message 112 to peer 0x630cc88d4850 (7 bytes)
1720573017.108766 sending message 112 to peer 0x630cc88d4850 (9 bytes)
1720573017.108769 sending message 112 to peer 0x630cc88d4850 (6 bytes)
1720573017.108772 sending message 112 to peer 0x630cc88d4850 (9 bytes)
1720573017.108775 sending message 112 to peer 0x630cc88d4850 (15 bytes)
1720573017.108778 sending message 112 to peer 0x630cc88d4850 (13 bytes)
1720573017.108781 sending message 112 to peer 0x630cc88d4850 (12 bytes)
1720573017.108784 sending message 112 to peer 0x630cc88d4850 (8 bytes)
1720573017.108787 sending message 112 to peer 0x630cc88d4850 (14 bytes)
1720573017.108790 sending message 112 to peer 0x630cc88d4850 (9 bytes)
1720573017.108793 sending message 112 to peer 0x630cc88d4850 (10 bytes)
1720573017.108796 sending message 112 to peer 0x630cc88d4850 (10 bytes)
1720573017.108799 sending message 112 to peer 0x630cc88d4850 (10 bytes)
1720573017.108811 sending message 112 to peer 0x630cc88d4850 (10 bytes)
1720573017.108814 sending message 112 to peer 0x630cc88d4850 (11 bytes)
1720573017.108817 sending message 112 to peer 0x630cc88d4850 (12 bytes)
1720573017.108820 sending message 112 to peer 0x630cc88d4850 (12 bytes)
1720573017.108823 sending message 112 to peer 0x630cc88d4850 (12 bytes)
1720573017.108827 sending message 112 to peer 0x630cc88d4850 (12 bytes)
1720573017.108832 sending message 112 to peer 0x630cc88d4850 (12 bytes)
1720573017.108835 sending message 112 to peer 0x630cc88d4850 (11 bytes)
1720573017.108839 sending message 112 to peer 0x630cc88d4850 (11 bytes)
1720573017.108842 sending message 112 to peer 0x630cc88d4850 (12 bytes)
1720573017.108845 sending message 112 to peer 0x630cc88d4850 (12 bytes)
1720573017.108849 sending message 112 to peer 0x630cc88d4850 (12 bytes)
1720573017.108852 sending message 112 to peer 0x630cc88d4850 (12 bytes)
1720573017.108855 sending message 112 to peer 0x630cc88d4850 (12 bytes)
1720573017.108858 sending message 112 to peer 0x630cc88d4850 (9 bytes)
1720573017.108862 sending message 112 to peer 0x630cc88d4850 (12 bytes)
1720573017.108865 sending message 112 to peer 0x630cc88d4850 (13 bytes)
1720573017.108868 sending message 112 to peer 0x630cc88d4850 (13 bytes)
1720573017.108871 sending message 112 to peer 0x630cc88d4850 (13 bytes)
1720573017.108874 sending message 112 to peer 0x630cc88d4850 (13 bytes)
1720573017.108877 sending message 112 to peer 0x630cc88d4850 (13 bytes)
1720573017.108886 sending message 112 to peer 0x630cc88d4850 (8 bytes)
1720573017.108889 sending message 112 to peer 0x630cc88d4850 (11 bytes)
1720573017.108892 sending message 112 to peer 0x630cc88d4850 (11 bytes)
1720573017.108899 sending message 112 to peer 0x630cc88d4850 (11 bytes)
1720573017.108902 sending message 112 to peer 0x630cc88d4850 (12 bytes)
1720573017.108905 sending message 112 to peer 0x630cc88d4850 (12 bytes)
1720573017.108908 sending message 112 to peer 0x630cc88d4850 (13 bytes)
1720573017.108911 sending message 112 to peer 0x630cc88d4850 (12 bytes)
1720573017.108914 sending message 112 to peer 0x630cc88d4850 (13 bytes)
1720573017.108917 sending message 112 to peer 0x630cc88d4850 (13 bytes)
1720573017.108920 sending message 112 to peer 0x630cc88d4850 (13 bytes)
1720573017.108924 sending message 112 to peer 0x630cc88d4850 (8 bytes)
1720573017.108926 sending message 112 to peer 0x630cc88d4850 (13 bytes)
1720573017.108930 sending message 112 to peer 0x630cc88d4850 (13 bytes)
1720573017.108933 sending message 112 to peer 0x630cc88d4850 (13 bytes)
1720573017.108936 sending message 112 to peer 0x630cc88d4850 (13 bytes)
1720573017.108939 sending message 112 to peer 0x630cc88d4850 (13 bytes)
1720573017.108942 sending message 112 to peer 0x630cc88d4850 (12 bytes)
1720573017.108945 sending message 112 to peer 0x630cc88d4850 (12 bytes)
1720573017.108949 sending message 112 to peer 0x630cc88d4850 (13 bytes)
1720573017.108952 sending message 112 to peer 0x630cc88d4850 (12 bytes)
1720573017.108955 sending message 112 to peer 0x630cc88d4850 (13 bytes)
1720573017.108959 sending message 112 to peer 0x630cc88d4850 (8 bytes)
1720573017.108963 sending message 112 to peer 0x630cc88d4850 (13 bytes)
1720573017.108966 sending message 112 to peer 0x630cc88d4850 (13 bytes)
1720573017.108969 sending message 112 to peer 0x630cc88d4850 (13 bytes)
1720573017.108972 sending message 112 to peer 0x630cc88d4850 (13 bytes)
1720573017.108976 sending message 112 to peer 0x630cc88d4850 (13 bytes)
1720573017.108979 sending message 112 to peer 0x630cc88d4850 (13 bytes)
1720573017.108982 sending message 112 to peer 0x630cc88d4850 (13 bytes)
1720573017.108989 sending message 112 to peer 0x630cc88d4850 (12 bytes)
1720573017.108992 sending message 112 to peer 0x630cc88d4850 (12 bytes)
1720573017.108995 sending message 112 to peer 0x630cc88d4850 (13 bytes)
1720573017.109001 sending message 112 to peer 0x630cc88d4850 (8 bytes)
1720573017.109004 sending message 112 to peer 0x630cc88d4850 (12 bytes)
1720573017.109013 sending message 112 to peer 0x630cc88d4850 (13 bytes)
1720573017.109016 sending message 112 to peer 0x630cc88d4850 (13 bytes)
1720573017.109019 sending message 112 to peer 0x630cc88d4850 (13 bytes)
1720573017.109025 sending message 112 to peer 0x630cc88d4850 (13 bytes)
1720573017.109027 sending message 112 to peer 0x630cc88d4850 (13 bytes)
1720573017.109030 sending message 112 to peer 0x630cc88d4850 (13 bytes)
1720573017.109036 sending message 112 to peer 0x630cc88d4850 (13 bytes)
1720573017.109039 sending message 112 to peer 0x630cc88d4850 (13 bytes)
1720573017.109042 sending message 112 to peer 0x630cc88d4850 (12 bytes)
1720573017.109047 sending message 112 to peer 0x630cc88d4850 (10 bytes)
1720573017.109051 sending message 112 to peer 0x630cc88d4850 (12 bytes)
1720573017.109053 sending message 112 to peer 0x630cc88d4850 (13 bytes)
1720573017.109059 sending message 112 to peer 0x630cc88d4850 (12 bytes)
1720573017.109062 sending message 112 to peer 0x630cc88d4850 (13 bytes)
1720573017.109065 sending message 112 to peer 0x630cc88d4850 (13 bytes)
1720573017.109068 sending message 112 to peer 0x630cc88d4850 (13 bytes)
1720573017.109072 sending message 112 to peer 0x630cc88d4850 (13 bytes)
1720573017.109075 sending message 112 to peer 0x630cc88d4850 (13 bytes)
1720573017.109078 sending message 112 to peer 0x630cc88d4850 (13 bytes)
1720573017.109081 sending message 112 to peer 0x630cc88d4850 (13 bytes)
1720573017.109084 sending message 112 to peer 0x630cc88d4850 (10 bytes)
1720573017.109087 sending message 112 to peer 0x630cc88d4850 (13 bytes)
1720573017.109090 sending message 112 to peer 0x630cc88d4850 (12 bytes)
1720573017.109093 sending message 112 to peer 0x630cc88d4850 (12 bytes)
1720573017.109096 sending message 112 to peer 0x630cc88d4850 (13 bytes)
1720573017.109099 sending message 112 to peer 0x630cc88d4850 (10 bytes)
1720573017.109102 sending message 112 to peer 0x630cc88d4850 (10 bytes)
1720573017.109105 sending message 112 to peer 0x630cc88d4850 (10 bytes)
1720573017.109112 sending message 112 to peer 0x630cc88d4850 (12 bytes)
1720573017.109115 sending message 112 to peer 0x630cc88d4850 (13 bytes)
1720573017.109118 sending message 112 to peer 0x630cc88d4850 (13 bytes)
1720573017.109124 sending message 112 to peer 0x630cc88d4850 (13 bytes)
1720573017.109127 sending message 112 to peer 0x630cc88d4850 (13 bytes)
1720573017.109130 sending message 112 to peer 0x630cc88d4850 (13 bytes)
1720573017.109135 sending message 112 to peer 0x630cc88d4850 (10 bytes)
1720573017.109138 sending message 112 to peer 0x630cc88d4850 (11 bytes)
1720573017.109141 sending message 112 to peer 0x630cc88d4850 (12 bytes)
1720573017.109144 sending message 112 to peer 0x630cc88d4850 (12 bytes)
1720573017.109147 sending message 112 to peer 0x630cc88d4850 (12 bytes)
1720573017.109150 sending message 112 to peer 0x630cc88d4850 (12 bytes)
1720573017.109153 sending message 112 to peer 0x630cc88d4850 (12 bytes)
1720573017.109156 sending message 112 to peer 0x630cc88d4850 (11 bytes)
1720573017.109159 sending message 112 to peer 0x630cc88d4850 (12 bytes)
1720573017.109163 sending message 112 to peer 0x630cc88d4850 (12 bytes)
1720573017.109166 sending message 112 to peer 0x630cc88d4850 (13 bytes)
1720573017.109169 sending message 112 to peer 0x630cc88d4850 (13 bytes)
1720573017.109173 sending message 112 to peer 0x630cc88d4850 (13 bytes)
1720573017.109176 sending message 112 to peer 0x630cc88d4850 (13 bytes)
1720573017.109179 sending message 112 to peer 0x630cc88d4850 (13 bytes)
1720573017.109183 sending message 112 to peer 0x630cc88d4850 (10 bytes)
1720573017.109186 sending message 112 to peer 0x630cc88d4850 (9 bytes)
1720573017.109190 sending message 112 to peer 0x630cc88d4850 (12 bytes)
1720573017.109193 sending message 112 to peer 0x630cc88d4850 (13 bytes)
1720573017.109197 sending message 112 to peer 0x630cc88d4850 (13 bytes)
1720573017.109200 sending message 112 to peer 0x630cc88d4850 (13 bytes)
1720573017.109203 sending message 112 to peer 0x630cc88d4850 (13 bytes)
1720573017.109206 sending message 112 to peer 0x630cc88d4850 (13 bytes)
1720573017.109215 sending message 112 to peer 0x630cc88d4850 (9 bytes)
1720573017.109219 sending message 112 to peer 0x630cc88d4850 (12 bytes)
1720573017.109222 sending message 112 to peer 0x630cc88d4850 (13 bytes)
1720573017.109227 sending message 112 to peer 0x630cc88d4850 (13 bytes)
1720573017.109230 sending message 112 to peer 0x630cc88d4850 (13 bytes)
1720573017.109233 sending message 112 to peer 0x630cc88d4850 (13 bytes)
1720573017.109236 sending message 112 to peer 0x630cc88d4850 (13 bytes)
1720573017.109239 sending message 112 to peer 0x630cc88d4850 (11 bytes)
1720573017.109242 sending message 112 to peer 0x630cc88d4850 (12 bytes)
1720573017.109245 sending message 112 to peer 0x630cc88d4850 (13 bytes)
1720573017.109253 sending message 112 to peer 0x630cc88d4850 (13 bytes)
1720573017.109256 sending message 112 to peer 0x630cc88d4850 (13 bytes)
1720573017.109259 sending message 112 to peer 0x630cc88d4850 (13 bytes)
1720573017.109266 sending message 112 to peer 0x630cc88d4850 (13 bytes)
1720573017.109269 sending message 112 to peer 0x630cc88d4850 (11 bytes)
1720573017.109272 sending message 112 to peer 0x630cc88d4850 (12 bytes)
1720573017.109278 sending message 112 to peer 0x630cc88d4850 (12 bytes)
1720573017.109281 sending message 112 to peer 0x630cc88d4850 (12 bytes)
1720573017.109284 sending message 112 to peer 0x630cc88d4850 (12 bytes)
1720573017.109287 sending message 112 to peer 0x630cc88d4850 (12 bytes)
1720573017.109290 sending message 112 to peer 0x630cc88d4850 (22 bytes)
1720573017.109293 sending message 112 to peer 0x630cc88d4850 (12 bytes)
1720573017.109296 sending message 112 to peer 0x630cc88d4850 (9 bytes)
1720573017.109299 sending message 112 to peer 0x630cc88d4850 (6 bytes)
1720573017.109302 sending message 112 to peer 0x630cc88d4850 (13 bytes)
1720573017.109305 sending message 112 to peer 0x630cc88d4850 (10 bytes)
1720573017.109308 sending message 112 to peer 0x630cc88d4850 (15 bytes)
1720573017.109311 sending message 112 to peer 0x630cc88d4850 (11 bytes)
1720573017.109314 sending message 112 to peer 0x630cc88d4850 (9 bytes)
1720573017.109317 sending message 112 to peer 0x630cc88d4850 (70 bytes)
1720573017.109321 sending message 112 to peer 0x630cc88d4850 (69 bytes)
1720573017.109325 sending message 112 to peer 0x630cc88d4850 (34 bytes)
1720573017.109328 sending message 112 to peer 0x630cc88d4850 (34 bytes)
1720573017.109331 sending message 112 to peer 0x630cc88d4850 (69 bytes)
1720573017.109334 sending message 112 to peer 0x630cc88d4850 (12 bytes)
1720573017.109340 sending message 112 to peer 0x630cc88d4850 (10 bytes)
1720573017.109344 sending message 112 to peer 0x630cc88d4850 (10 bytes)
1720573017.109347 sending message 112 to peer 0x630cc88d4850 (15 bytes)
1720573017.109352 sending message 112 to peer 0x630cc88d4850 (11 bytes)
1720573017.109355 sending message 112 to peer 0x630cc88d4850 (10 bytes)
1720573017.109358 sending message 112 to peer 0x630cc88d4850 (10 bytes)
1720573017.109362 sending message 112 to peer 0x630cc88d4850 (17 bytes)
1720573017.109365 sending message 112 to peer 0x630cc88d4850 (10 bytes)
1720573017.109368 sending message 112 to peer 0x630cc88d4850 (13 bytes)
1720573017.109375 sending message 112 to peer 0x630cc88d4850 (17 bytes)
1720573017.109378 sending message 112 to peer 0x630cc88d4850 (5 bytes)
1720573017.109382 sending message 112 to peer 0x630cc88d4850 (9 bytes)
1720573017.109385 sending message 112 to peer 0x630cc88d4850 (15 bytes)
1720573017.109389 sending message 104 to peer 0x630cc88d4850 (0 bytes)
1720573017.109393 sending message 110 to peer 0x630cc88d4850 (0 bytes)
1720573017.109401 sending message 107 to peer 0x630cc88d4850 (4 bytes)
1720573017.109404 sending message 105 to peer 0x630cc88d4850 (16 bytes)
1720573017.109407 sending message 105 to peer 0x630cc88d4850 (17 bytes)
1720573017.109412 sending message 105 to peer 0x630cc88d4850 (13 bytes)
1720573017.109415 sending message 105 to peer 0x630cc88d4850 (26 bytes)
1720573017.109419 sending message 105 to peer 0x630cc88d4850 (18 bytes)
1720573017.109422 sending message 105 to peer 0x630cc88d4850 (454 bytes)
1720573017.109449 sending message 105 to peer 0x630cc88d4850 (15 bytes)
1720573017.109453 sending message 105 to peer 0x630cc88d4850 (10 bytes)
1720573017.109461 sending message 105 to peer 0x630cc88d4850 (144 bytes)
1720573017.109467 sending message 105 to peer 0x630cc88d4850 (31 bytes)
1720573017.109470 sending message 105 to peer 0x630cc88d4850 (54 bytes)
1720573017.109474 sending message 105 to peer 0x630cc88d4850 (50 bytes)
1720573017.109477 sending message 105 to peer 0x630cc88d4850 (27 bytes)
1720573017.109480 sending message 105 to peer 0x630cc88d4850 (11 bytes)
1720573017.109483 sending message 105 to peer 0x630cc88d4850 (71 bytes)
1720573017.109487 sending message 105 to peer 0x630cc88d4850 (30 bytes)
1720573017.109491 sending message 105 to peer 0x630cc88d4850 (22 bytes)
1720573017.109495 sending message 105 to peer 0x630cc88d4850 (21 bytes)
1720573017.109500 sending message 105 to peer 0x630cc88d4850 (35 bytes)
1720573017.109505 sending message 105 to peer 0x630cc88d4850 (30 bytes)
1720573017.109508 sending message 105 to peer 0x630cc88d4850 (15 bytes)
1720573017.109511 sending message 105 to peer 0x630cc88d4850 (15 bytes)
1720573017.109514 sending message 105 to peer 0x630cc88d4850 (24 bytes)
1720573017.109518 sending message 105 to peer 0x630cc88d4850 (84 bytes)
1720573017.109521 sending message 105 to peer 0x630cc88d4850 (8 bytes)
1720573017.109524 sending message 105 to peer 0x630cc88d4850 (37 bytes)
1720573017.109527 sending message 105 to peer 0x630cc88d4850 (14 bytes)
1720573017.109531 sending message 105 to peer 0x630cc88d4850 (13 bytes)
1720573017.109534 sending message 105 to peer 0x630cc88d4850 (41 bytes)
1720573017.109537 sending message 105 to peer 0x630cc88d4850 (26 bytes)
1720573017.109543 sending message 105 to peer 0x630cc88d4850 (23 bytes)
1720573017.109546 sending message 105 to peer 0x630cc88d4850 (23 bytes)
1720573017.109549 sending message 105 to peer 0x630cc88d4850 (31 bytes)
1720573017.109554 sending message 105 to peer 0x630cc88d4850 (21 bytes)
1720573017.109557 sending message 105 to peer 0x630cc88d4850 (43 bytes)
1720573017.109560 sending message 105 to peer 0x630cc88d4850 (33 bytes)
1720573017.109566 sending message 105 to peer 0x630cc88d4850 (18 bytes)
1720573017.109569 sending message 105 to peer 0x630cc88d4850 (51 bytes)
1720573017.109572 sending message 105 to peer 0x630cc88d4850 (47 bytes)
1720573017.109577 sending message 105 to peer 0x630cc88d4850 (35 bytes)
1720573017.109580 sending message 105 to peer 0x630cc88d4850 (37 bytes)
1720573017.109584 sending message 105 to peer 0x630cc88d4850 (33 bytes)
1720573017.109589 sending message 105 to peer 0x630cc88d4850 (24 bytes)
1720573017.109592 sending message 105 to peer 0x630cc88d4850 (35 bytes)
1720573017.109595 sending message 105 to peer 0x630cc88d4850 (37 bytes)
1720573017.109601 sending message 105 to peer 0x630cc88d4850 (39 bytes)
1720573017.109604 sending message 105 to peer 0x630cc88d4850 (43 bytes)
1720573017.109608 sending message 105 to peer 0x630cc88d4850 (33 bytes)
1720573017.109611 sending message 105 to peer 0x630cc88d4850 (33 bytes)
1720573017.109615 sending message 105 to peer 0x630cc88d4850 (35 bytes)
1720573017.109618 sending message 105 to peer 0x630cc88d4850 (43 bytes)
1720573017.109621 sending message 105 to peer 0x630cc88d4850 (16 bytes)
1720573017.109627 sending message 105 to peer 0x630cc88d4850 (47 bytes)
1720573017.109630 sending message 105 to peer 0x630cc88d4850 (22 bytes)
1720573017.109633 sending message 105 to peer 0x630cc88d4850 (22 bytes)
1720573017.109637 sending message 105 to peer 0x630cc88d4850 (155 bytes)
1720573017.109640 sending message 105 to peer 0x630cc88d4850 (51 bytes)
1720573017.109643 sending message 105 to peer 0x630cc88d4850 (45 bytes)
1720573017.109646 sending message 105 to peer 0x630cc88d4850 (37 bytes)
1720573017.109649 sending message 105 to peer 0x630cc88d4850 (18 bytes)
1720573017.109652 sending message 105 to peer 0x630cc88d4850 (18 bytes)
1720573017.109656 sending message 105 to peer 0x630cc88d4850 (17 bytes)
1720573017.109663 sending message 105 to peer 0x630cc88d4850 (20 bytes)
1720573017.109671 sending message 105 to peer 0x630cc88d4850 (17 bytes)
1720573017.109674 sending message 105 to peer 0x630cc88d4850 (60 bytes)
1720573017.109677 sending message 105 to peer 0x630cc88d4850 (33 bytes)
1720573017.109683 sending message 105 to peer 0x630cc88d4850 (38 bytes)
1720573017.109688 sending message 105 to peer 0x630cc88d4850 (36 bytes)
1720573017.109692 sending message 105 to peer 0x630cc88d4850 (17 bytes)
1720573017.109696 sending message 105 to peer 0x630cc88d4850 (36 bytes)
1720573017.109699 sending message 105 to peer 0x630cc88d4850 (45 bytes)
1720573017.109702 sending message 105 to peer 0x630cc88d4850 (73 bytes)
1720573017.109705 sending message 105 to peer 0x630cc88d4850 (43 bytes)
1720573017.109709 sending message 105 to peer 0x630cc88d4850 (38 bytes)
1720573017.109712 sending message 105 to peer 0x630cc88d4850 (16 bytes)
1720573017.109715 sending message 105 to peer 0x630cc88d4850 (49 bytes)
1720573017.109718 sending message 105 to peer 0x630cc88d4850 (23 bytes)
1720573017.109721 sending message 105 to peer 0x630cc88d4850 (16 bytes)
1720573017.109725 sending message 105 to peer 0x630cc88d4850 (29 bytes)
1720573017.109728 sending message 105 to peer 0x630cc88d4850 (28 bytes)
1720573017.109731 sending message 105 to peer 0x630cc88d4850 (21 bytes)
1720573017.109734 sending message 105 to peer 0x630cc88d4850 (21 bytes)
1720573017.109737 sending message 105 to peer 0x630cc88d4850 (16 bytes)
1720573017.109740 sending message 106 to peer 0x630cc88d4850 (0 bytes)
1720573017.109786 sending message 200 to peer 0x630cc88d4850 (4 bytes)
1720573017.109791 client loop enter
1720573017.109804 client_signal: Child exited
1720573017.303632 peer 0x630cc88d4850 message 207
1720573017.303654 sending message 208 to peer 0x630cc88d4850 (0 bytes)
1720573019.521904 peer 0x630cc88d4850 message 203
1720573019.521956 sending message 205 to peer 0x630cc88d4850 (0 bytes)
1720573019.522564 peer 0x630cc88d4850 message 204
1720573019.522583 client loop exit
